0 info it worked if it ends with ok
1 verbose cli [ '/Users/jakesylvestre/.nvm/versions/node/v6.10.3/bin/node',
1 verbose cli   '/Users/jakesylvestre/.nvm/versions/node/v6.10.3/bin/npm',
1 verbose cli   'run',
1 verbose cli   'start' ]
2 info using npm@3.10.10
3 info using node@v6.10.3
4 verbose run-script [ 'prestart', 'start', 'poststart' ]
5 info lifecycle crypto-icons-react@0.0.1~prestart: crypto-icons-react@0.0.1
6 silly lifecycle crypto-icons-react@0.0.1~prestart: no script for prestart, continuing
7 info lifecycle crypto-icons-react@0.0.1~start: crypto-icons-react@0.0.1
8 verbose lifecycle crypto-icons-react@0.0.1~start: unsafe-perm in lifecycle true
9 verbose lifecycle crypto-icons-react@0.0.1~start: PATH: /Users/jakesylvestre/.nvm/versions/node/v6.10.3/lib/node_modules/npm/bin/node-gyp-bin:/Users/jakesylvestre/crypto-icons-react/node_modules/.bin:/Users/jakesylvestre/.rbenv/shims:/Users/jakesylvestre/google-cloud-sdk/bin:/usr/local/opt/mysql@5.7/bin:/usr/local/opt/libxml2/bin:/Users/jakesylvestre/.nvm/versions/node/v6.10.3/bin:/usr/local/bin:/usr/bin:/bin:/usr/sbin:/sbin:/Applications/Postgres.app/Contents/Versions/latest/bin
10 verbose lifecycle crypto-icons-react@0.0.1~start: CWD: /Users/jakesylvestre/crypto-icons-react
11 silly lifecycle crypto-icons-react@0.0.1~start: Args: [ '-c', 'npm run make && webpack --watch' ]
12 silly lifecycle crypto-icons-react@0.0.1~start: Returned: code: 1  signal: null
13 info lifecycle crypto-icons-react@0.0.1~start: Failed to exec start script
14 verbose stack Error: crypto-icons-react@0.0.1 start: `npm run make && webpack --watch`
14 verbose stack Exit status 1
14 verbose stack     at EventEmitter.<anonymous> (/Users/jakesylvestre/.nvm/versions/node/v6.10.3/lib/node_modules/npm/lib/utils/lifecycle.js:255:16)
14 verbose stack     at emitTwo (events.js:106:13)
14 verbose stack     at EventEmitter.emit (events.js:191:7)
14 verbose stack     at ChildProcess.<anonymous> (/Users/jakesylvestre/.nvm/versions/node/v6.10.3/lib/node_modules/npm/lib/utils/spawn.js:40:14)
14 verbose stack     at emitTwo (events.js:106:13)
14 verbose stack     at ChildProcess.emit (events.js:191:7)
14 verbose stack     at maybeClose (internal/child_process.js:886:16)
14 verbose stack     at Process.ChildProcess._handle.onexit (internal/child_process.js:226:5)
15 verbose pkgid crypto-icons-react@0.0.1
16 verbose cwd /Users/jakesylvestre/crypto-icons-react
17 error Darwin 17.7.0
18 error argv "/Users/jakesylvestre/.nvm/versions/node/v6.10.3/bin/node" "/Users/jakesylvestre/.nvm/versions/node/v6.10.3/bin/npm" "run" "start"
19 error node v6.10.3
20 error npm  v3.10.10
21 error code ELIFECYCLE
22 error crypto-icons-react@0.0.1 start: `npm run make && webpack --watch`
22 error Exit status 1
23 error Failed at the crypto-icons-react@0.0.1 start script 'npm run make && webpack --watch'.
23 error Make sure you have the latest version of node.js and npm installed.
23 error If you do, this is most likely a problem with the crypto-icons-react package,
23 error not with npm itself.
23 error Tell the author that this fails on your system:
23 error     npm run make && webpack --watch
23 error You can get information on how to open an issue for this project with:
23 error     npm bugs crypto-icons-react
23 error Or if that isn't available, you can get their info via:
23 error     npm owner ls crypto-icons-react
23 error There is likely additional logging output above.
24 verbose exit [ 1, true ]
